{
  "stats": {
    "suites": 1,
    "tests": 1,
    "passes": 1,
    "pending": 0,
    "failures": 0,
    "testsRegistered": 1,
    "passPercent": 100,
    "pendingPercent": 0,
    "other": 0,
    "hasOther": false,
    "skipped": 0,
    "hasSkipped": false,
    "start": "2025-04-19T22:29:49.477Z",
    "end": "2025-04-19T22:29:52.407Z",
    "duration": 2930
  },
  "results": [
    {
      "uuid": "6d1a1aa2-f791-4363-a0eb-fa66eff52ae4",
      "title": "",
      "fullFile": "cypress\\e2e\\test_jenkins.cy.js",
      "file": "cypress\\e2e\\test_jenkins.cy.js",
      "beforeHooks": [],
      "afterHooks": [],
      "tests": [],
      "suites": [
        {
          "uuid": "1eebe3e8-ac56-4839-acd5-1f2e79147059",
          "title": "Test de démo sur example.cypress.io",
          "fullFile": "",
          "file": "",
          "beforeHooks": [],
          "afterHooks": [],
          "tests": [
            {
              "title": "Remplit un champ et vérifie le résultat",
              "fullTitle": "Test de démo sur example.cypress.io Remplit un champ et vérifie le résultat",
              "timedOut": null,
              "duration": 1118,
              "state": "passed",
              "speed": "fast",
              "pass": true,
              "fail": false,
              "pending": false,
              "context": null,
              "code": "cy.visit(\"https://example.cypress.io/commands/actions\");\n// Tape du texte dans un champ\ncy.get(\".action-email\").type(\"aziz@example.com\");\n// Vérifie que le champ contient bien ce qu’on a tapé\ncy.get(\".action-email\").should(\"have.value\", \"aziz@example.com\");",
              "err": {},
              "uuid": "d21ddd26-0db9-4af3-99ef-0b40c01b33b5",
              "parentUUID": "1eebe3e8-ac56-4839-acd5-1f2e79147059",
              "isHook": false,
              "skipped": false
            }
          ],
          "suites": [],
          "passes": [
            "d21ddd26-0db9-4af3-99ef-0b40c01b33b5"
          ],
          "failures": [],
          "pending": [],
          "skipped": [],
          "duration": 1118,
          "root": false,
          "rootEmpty": false,
          "_timeout": 2000
        }
      ],
      "passes": [],
      "failures": [],
      "pending": [],
      "skipped": [],
      "duration": 0,
      "root": true,
      "rootEmpty": true,
      "_timeout": 2000
    }
  ],
  "meta": {
    "mocha": {
      "version": "7.2.0"
    },
    "mochawesome": {
      "options": {
        "quiet": false,
        "reportFilename": "mochawesome",
        "saveHtml": false,
        "saveJson": true,
        "consoleReporter": "spec",
        "useInlineDiffs": false,
        "code": true
      },
      "version": "7.1.3"
    },
    "marge": {
      "options": {
        "reportDir": "reports/mochawesome",
        "overwrite": false,
        "html": false,
        "json": true
      },
      "version": "6.2.0"
    }
  }
}